============================= test session starts =============================
collecting ... collected 75 items

tests/test_api.py::test_health_check PASSED                              [  1%]
tests/test_api.py::test_kv_write_read_delete PASSED                      [  2%]
tests/test_api.py::test_transit_encrypt_decrypt PASSED                   [  4%]
tests/test_api.py::test_transit_sign_verify PASSED                       [  5%]
tests/test_api.py::test_kv_versioning PASSED                             [  6%]
tests/test_api.py::test_transit_key_rotation PASSED                      [  8%]
tests/test_api.py::test_acl_sharing PASSED                               [  9%]
tests/test_api.py::test_audit_log PASSED                                 [ 10%]
tests/test_auth.py::TestRegistration::test_register_success PASSED       [ 12%]
tests/test_auth.py::TestRegistration::test_register_duplicate_rejected PASSED [ 13%]
tests/test_auth.py::TestRegistration::test_register_short_passphrase_rejected PASSED [ 14%]
tests/test_auth.py::TestRegistration::test_register_invalid_email_rejected PASSED [ 16%]
tests/test_auth.py::TestRegistration::test_password_not_stored_in_plaintext PASSED [ 17%]
tests/test_auth.py::TestLogin::test_login_success PASSED                 [ 18%]
tests/test_auth.py::TestLogin::test_login_wrong_passphrase_rejected PASSED [ 20%]
tests/test_auth.py::TestLogin::test_login_nonexistent_email_rejected PASSED [ 21%]
tests/test_auth.py::TestLogin::test_token_stored_in_sessions_table PASSED [ 22%]
tests/test_auth.py::TestVerifyToken::test_valid_token_returns_email PASSED [ 24%]
tests/test_auth.py::TestVerifyToken::test_missing_token_raises PASSED    [ 25%]
tests/test_auth.py::TestVerifyToken::test_invalid_token_raises PASSED    [ 26%]
tests/test_auth.py::TestVerifyToken::test_expired_token_raises PASSED    [ 28%]
tests/test_auth.py::TestAccountLockout::test_five_wrong_attempts_lock_account PASSED [ 29%]
tests/test_auth.py::TestAccountLockout::test_correct_password_rejected_while_locked PASSED [ 30%]
tests/test_auth.py::TestAccountLockout::test_lockout_expires_after_duration PASSED [ 32%]
tests/test_auth.py::TestAccountLockout::test_successful_login_resets_counter PASSED [ 33%]
tests/test_auth.py::TestLogout::test_logout_invalidates_token PASSED     [ 34%]
tests/test_auth.py::TestLogout::test_logout_idempotent PASSED            [ 36%]
tests/test_core.py::TestVaultInit::test_vault_starts_locked PASSED       [ 37%]
tests/test_core.py::TestVaultInit::test_vault_starts_uninitialized PASSED [ 38%]
tests/test_core.py::TestVaultInit::test_init_creates_meta_file PASSED    [ 40%]
tests/test_core.py::TestVaultInit::test_meta_file_contains_expected_fields PASSED [ 41%]
tests/test_core.py::TestVaultInit::test_plaintext_dek_not_in_meta_file PASSED [ 42%]
tests/test_core.py::TestVaultInit::test_init_unlocks_vault PASSED        [ 44%]
tests/test_core.py::TestVaultInit::test_get_dek_while_locked_raises PASSED [ 45%]
tests/test_core.py::TestVaultInit::test_is_initialized_true_after_init PASSED [ 46%]
tests/test_core.py::TestVaultUnlock::test_unlock_with_correct_passphrase PASSED [ 48%]
tests/test_core.py::TestVaultUnlock::test_unlock_wrong_passphrase_raises PASSED [ 49%]
tests/test_core.py::TestVaultUnlock::test_vault_stays_locked_after_wrong_passphrase PASSED [ 50%]
tests/test_core.py::TestVaultUnlock::test_unlock_without_init_raises PASSED [ 52%]
tests/test_core.py::TestVaultUnlock::test_lock_vault_clears_dek PASSED   [ 53%]
tests/test_core.py::TestVaultUnlock::test_meta_file_status_field_is_locked PASSED [ 54%]
tests/test_core.py::TestVaultUnlock::test_salt_is_random_across_inits PASSED [ 56%]
tests/test_kv.py::TestKVWriteRead::test_write_read_roundtrip PASSED      [ 57%]
tests/test_kv.py::TestKVWriteRead::test_read_not_found PASSED            [ 58%]
tests/test_kv.py::TestKVWriteRead::test_write_overwrites_existing PASSED [ 60%]
tests/test_kv.py::TestKVWriteRead::test_delete_removes_secret PASSED     [ 61%]
tests/test_kv.py::TestKVWriteRead::test_tampered_ciphertext_raises_tag_mismatch PASSED [ 62%]
tests/test_kv.py::TestKVWriteRead::test_no_plaintext_in_db PASSED        [ 64%]
tests/test_kv.py::TestKVAccessControl::test_cross_user_read_denied PASSED [ 65%]
tests/test_kv.py::TestKVAccessControl::test_cross_user_write_denied PASSED [ 66%]
tests/test_kv.py::TestKVAccessControl::test_cross_user_delete_denied PASSED [ 68%]
tests/test_kv.py::TestKVAccessControl::test_invalid_token_rejected PASSED [ 69%]
tests/test_kv.py::TestKVVaultLocked::test_write_while_locked_raises PASSED [ 70%]
tests/test_kv.py::TestKVVaultLocked::test_read_while_locked_raises PASSED [ 72%]
tests/test_transit.py::TestTransitKeyManagement::test_create_key_returns_metadata_only PASSED [ 73%]
tests/test_transit.py::TestTransitKeyManagement::test_create_duplicate_key_rejected PASSED [ 74%]
tests/test_transit.py::TestTransitKeyManagement::test_revoke_key_then_encrypt_fails PASSED [ 76%]
tests/test_transit.py::TestTransitEncryptDecrypt::test_encrypt_decrypt_text_roundtrip PASSED [ 77%]
tests/test_transit.py::TestTransitEncryptDecrypt::test_encrypt_decrypt_json_roundtrip PASSED [ 78%]
tests/test_transit.py::TestTransitEncryptDecrypt::test_encrypt_decrypt_binary_roundtrip PASSED [ 80%]
tests/test_transit.py::TestTransitEncryptDecrypt::test_tampered_ciphertext_decrypt_fails PASSED [ 81%]
tests/test_transit.py::TestTransitEncryptDecrypt::test_malformed_ciphertext_rejected PASSED [ 82%]
tests/test_transit.py::TestTransitEncryptDecrypt::test_cross_user_encrypt_denied PASSED [ 84%]
tests/test_transit.py::TestTransitEncryptDecrypt::test_cross_user_decrypt_denied PASSED [ 85%]
tests/test_transit.py::TestTransitEncryptDecrypt::test_sign_key_rejected_for_encrypt PASSED [ 86%]
tests/test_transit.py::TestTransitSignVerify::test_sign_verify_roundtrip[ED25519] PASSED [ 88%]
tests/test_transit.py::TestTransitSignVerify::test_sign_verify_roundtrip[RSASSA_PKCS1_V1_5_SHA_256] PASSED [ 89%]
tests/test_transit.py::TestTransitSignVerify::test_tampered_message_invalid_signature PASSED [ 90%]
tests/test_transit.py::TestTransitSignVerify::test_wrong_key_signature_invalid PASSED [ 92%]
tests/test_transit.py::TestTransitSignVerify::test_encrypt_key_rejected_for_sign PASSED [ 93%]
tests/test_transit.py::TestTransitSignVerify::test_malformed_signature_returns_false PASSED [ 94%]
tests/test_transit.py::TestTransitSignVerify::test_cross_user_sign_denied PASSED [ 96%]
tests/test_transit.py::TestTransitSignVerify::test_digest_wrong_length_rejected PASSED [ 97%]
tests/test_transit.py::TestTransitVaultLocked::test_create_key_locked PASSED [ 98%]
tests/test_transit.py::TestTransitVaultLocked::test_encrypt_locked PASSED [100%]

============================== warnings summary ===============================
C:\Users\Thai\AppData\Local\Programs\Python\Python313\Lib\site-packages\fastapi\testclient.py:1
  C:\Users\Thai\AppData\Local\Programs\Python\Python313\Lib\site-packages\fastapi\testclient.py:1: StarletteDeprecationWarning: Using `httpx` with `starlette.testclient` is deprecated; install `httpx2` instead.
    from starlette.testclient import TestClient as TestClient  # noqa

-- Docs: https://docs.pytest.org/en/stable/how-to/capture-warnings.html
======================= 75 passed, 1 warning in 31.66s ========================
